{"level":"info","message":"::1 - - [16/Dec/2017:13:15:55 +0000] \"POST /users HTTP/1.1\" 412 39\n","timestamp":"2017-12-16T13:15:55.243Z"}
{"level":"info","message":"::1 - - [16/Dec/2017:13:16:10 +0000] \"POST /token HTTP/1.1\" 401 12\n","timestamp":"2017-12-16T13:16:10.839Z"}
{"level":"info","message":"::1 - - [16/Dec/2017:13:16:21 +0000] \"POST /users HTTP/1.1\" 412 39\n","timestamp":"2017-12-16T13:16:21.019Z"}
{"level":"info","message":"::1 - - [16/Dec/2017:13:18:01 +0000] \"POST /users HTTP/1.1\" 412 39\n","timestamp":"2017-12-16T13:18:01.134Z"}
{"level":"info","message":"::1 - - [16/Dec/2017:13:18:53 +0000] \"POST /token HTTP/1.1\" 401 12\n","timestamp":"2017-12-16T13:18:53.819Z"}
{"level":"info","message":"::1 - - [16/Dec/2017:13:19:00 +0000] \"GET /user HTTP/1.1\" 500 2315\n","timestamp":"2017-12-16T13:19:00.288Z"}
{"level":"info","message":"[Sat Dec 16 2017 21:20:28 GMT+0800 (中国标准时间)] Executing (default): INSERT INTO `Users` (`id`,`name`,`password`,`email`,`updated_at`,`created_at`) VALUES (NULL,'chris bao','$2a$10$aKMpKX3mCC4H5GBUaoGu3uvrEacSCzSjwxp9ZrnwVrDmDtMhQwGOS','chris_bao@aliyun.com','2017-12-16 13:20:28.866 +00:00','2017-12-16 13:20:28.866 +00:00');","timestamp":"2017-12-16T13:20:28.873Z"}
{"level":"info","message":"::1 - - [16/Dec/2017:13:20:28 +0000] \"POST /users HTTP/1.1\" 412 33\n","timestamp":"2017-12-16T13:20:28.886Z"}
{"level":"info","message":"[Sat Dec 16 2017 21:20:36 GMT+0800 (中国标准时间)] Executing (default): INSERT INTO `Users` (`id`,`name`,`password`,`email`,`updated_at`,`created_at`) VALUES (NULL,'chris bao','$2a$10$ZE43KQm4T5.Lc/pysNt8Ie43Oz6o1zrEI1bWQ1cLvVu3vsxoxw4Qm','chris_bao@aliyun.com','2017-12-16 13:20:36.395 +00:00','2017-12-16 13:20:36.395 +00:00');","timestamp":"2017-12-16T13:20:36.396Z"}
{"level":"info","message":"::1 - - [16/Dec/2017:13:20:36 +0000] \"POST /users HTTP/1.1\" 412 33\n","timestamp":"2017-12-16T13:20:36.399Z"}
{"level":"info","message":"[Sat Dec 16 2017 21:20:41 GMT+0800 (中国标准时间)] Executing (default): SELECT `id`, `name`, `password`, `email`, `created_at`, `updated_at` FROM `Users` AS `Users` WHERE `Users`.`id` = 78;","timestamp":"2017-12-16T13:20:41.466Z"}
{"level":"info","message":"[Sat Dec 16 2017 21:20:41 GMT+0800 (中国标准时间)] Executing (default): SELECT `id`, `name`, `email` FROM `Users` AS `Users` WHERE `Users`.`id` = 78;","timestamp":"2017-12-16T13:20:41.471Z"}
{"level":"info","message":"::1 - - [16/Dec/2017:13:20:41 +0000] \"GET /user HTTP/1.1\" 200 78\n","timestamp":"2017-12-16T13:20:41.474Z"}
{"level":"info","message":"[Sat Dec 16 2017 21:20:47 GMT+0800 (中国标准时间)] Executing (default): SELECT `id`, `name`, `password`, `email`, `created_at`, `updated_at` FROM `Users` AS `Users` WHERE `Users`.`id` = 78;","timestamp":"2017-12-16T13:20:47.693Z"}
{"level":"info","message":"[Sat Dec 16 2017 21:20:47 GMT+0800 (中国标准时间)] Executing (default): SELECT `id`, `name`, `email` FROM `Users` AS `Users` WHERE `Users`.`id` = 78;","timestamp":"2017-12-16T13:20:47.703Z"}
{"level":"info","message":"::1 - - [16/Dec/2017:13:20:47 +0000] \"GET /user HTTP/1.1\" 200 78\n","timestamp":"2017-12-16T13:20:47.711Z"}
{"level":"info","message":"[Sat Dec 16 2017 21:20:52 GMT+0800 (中国标准时间)] Executing (default): SELECT `id`, `name`, `password`, `email`, `created_at`, `updated_at` FROM `Users` AS `Users` WHERE `Users`.`email` = 'chris_bao@aliyun.com' LIMIT 1;","timestamp":"2017-12-16T13:20:52.822Z"}
{"level":"info","message":"::1 - - [16/Dec/2017:13:20:52 +0000] \"POST /token HTTP/1.1\" 200 112\n","timestamp":"2017-12-16T13:20:52.968Z"}
{"level":"info","message":"[Sat Dec 16 2017 21:21:01 GMT+0800 (中国标准时间)] Executing (default): INSERT INTO `Users` (`id`,`name`,`password`,`email`,`updated_at`,`created_at`) VALUES (NULL,'chris bao','$2a$10$ruB7/WCqONXV/.SaTzJR3OdS01muZhNjLkpdMIb3bYzW5SczVcbE2','chris_bao@aliyun.com','2017-12-16 13:21:01.306 +00:00','2017-12-16 13:21:01.306 +00:00');","timestamp":"2017-12-16T13:21:01.308Z"}
{"level":"info","message":"::1 - - [16/Dec/2017:13:21:01 +0000] \"POST /users HTTP/1.1\" 412 33\n","timestamp":"2017-12-16T13:21:01.312Z"}
{"level":"info","message":"[Sat Dec 16 2017 21:23:47 GMT+0800 (中国标准时间)] Executing (default): INSERT INTO `Users` (`id`,`name`,`password`,`email`,`updated_at`,`created_at`) VALUES (NULL,'chris bao','$2a$10$cY3RIH5ctLcBva9NBsD64Om0Ap3K9PNz9.yNhkm8uQAQ5h4jd3Ag.','chris_bao@aliyun.com','2017-12-16 13:23:47.658 +00:00','2017-12-16 13:23:47.658 +00:00');","timestamp":"2017-12-16T13:23:47.659Z"}
{"level":"info","message":"::1 - - [16/Dec/2017:13:23:47 +0000] \"POST /users HTTP/1.1\" 412 33\n","timestamp":"2017-12-16T13:23:47.662Z"}
{"level":"info","message":"[Sat Dec 16 2017 21:24:10 GMT+0800 (中国标准时间)] Executing (default): INSERT INTO `Users` (`id`,`name`,`password`,`email`,`updated_at`,`created_at`) VALUES (NULL,'chris bao1','$2a$10$HPY5T5wszL6wNo.JGYoYhOUi7ELXDo4PQWHNZF2pUYy/jS5HG5gGS','chris_bao@aliyun.com','2017-12-16 13:24:10.733 +00:00','2017-12-16 13:24:10.733 +00:00');","timestamp":"2017-12-16T13:24:10.735Z"}
{"level":"info","message":"::1 - - [16/Dec/2017:13:24:10 +0000] \"POST /users HTTP/1.1\" 412 33\n","timestamp":"2017-12-16T13:24:10.739Z"}
{"level":"info","message":"[Sat Dec 16 2017 21:24:47 GMT+0800 (中国标准时间)] Executing (default): SELECT `id`, `name`, `password`, `email`, `created_at`, `updated_at` FROM `Users` AS `Users` WHERE `Users`.`email` = 'chris_bao@aliyun.com' LIMIT 1;","timestamp":"2017-12-16T13:24:47.923Z"}
{"level":"info","message":"::1 - - [16/Dec/2017:13:24:48 +0000] \"POST /token HTTP/1.1\" 200 112\n","timestamp":"2017-12-16T13:24:48.054Z"}
{"level":"info","message":"[Sat Dec 16 2017 21:24:49 GMT+0800 (中国标准时间)] Executing (default): SELECT `id`, `name`, `password`, `email`, `created_at`, `updated_at` FROM `Users` AS `Users` WHERE `Users`.`email` = 'chris_bao@aliyun.com' LIMIT 1;","timestamp":"2017-12-16T13:24:49.192Z"}
{"level":"info","message":"::1 - - [16/Dec/2017:13:24:49 +0000] \"POST /token HTTP/1.1\" 200 112\n","timestamp":"2017-12-16T13:24:49.329Z"}
{"level":"info","message":"[Sat Dec 16 2017 21:24:50 GMT+0800 (中国标准时间)] Executing (default): SELECT `id`, `name`, `password`, `email`, `created_at`, `updated_at` FROM `Users` AS `Users` WHERE `Users`.`email` = 'chris_bao@aliyun.com' LIMIT 1;","timestamp":"2017-12-16T13:24:50.242Z"}
{"level":"info","message":"::1 - - [16/Dec/2017:13:24:50 +0000] \"POST /token HTTP/1.1\" 200 112\n","timestamp":"2017-12-16T13:24:50.373Z"}
{"level":"info","message":"[Sat Dec 16 2017 21:25:17 GMT+0800 (中国标准时间)] Executing (default): SELECT `id`, `name`, `password`, `email`, `created_at`, `updated_at` FROM `Users` AS `Users` WHERE `Users`.`id` = 78;","timestamp":"2017-12-16T13:25:17.345Z"}
{"level":"info","message":"[Sat Dec 16 2017 21:25:17 GMT+0800 (中国标准时间)] Executing (default): SELECT `id`, `name`, `email` FROM `Users` AS `Users` WHERE `Users`.`id` = 78;","timestamp":"2017-12-16T13:25:17.356Z"}
{"level":"info","message":"::1 - - [16/Dec/2017:13:25:17 +0000] \"GET /user HTTP/1.1\" 200 78\n","timestamp":"2017-12-16T13:25:17.392Z"}
{"level":"info","message":"[Sat Dec 16 2017 21:25:18 GMT+0800 (中国标准时间)] Executing (default): SELECT `id`, `name`, `password`, `email`, `created_at`, `updated_at` FROM `Users` AS `Users` WHERE `Users`.`id` = 78;","timestamp":"2017-12-16T13:25:18.602Z"}
{"level":"info","message":"[Sat Dec 16 2017 21:25:18 GMT+0800 (中国标准时间)] Executing (default): SELECT `id`, `name`, `email` FROM `Users` AS `Users` WHERE `Users`.`id` = 78;","timestamp":"2017-12-16T13:25:18.611Z"}
{"level":"info","message":"::1 - - [16/Dec/2017:13:25:18 +0000] \"GET /user HTTP/1.1\" 200 78\n","timestamp":"2017-12-16T13:25:18.619Z"}
{"level":"info","message":"::1 - - [16/Dec/2017:13:25:24 +0000] \"GET /user HTTP/1.1\" 401 -\n","timestamp":"2017-12-16T13:25:24.265Z"}
{"level":"info","message":"[Sat Dec 16 2017 21:25:29 GMT+0800 (中国标准时间)] Executing (default): SELECT `id`, `name`, `password`, `email`, `created_at`, `updated_at` FROM `Users` AS `Users` WHERE `Users`.`id` = 78;","timestamp":"2017-12-16T13:25:29.396Z"}
{"level":"info","message":"[Sat Dec 16 2017 21:25:29 GMT+0800 (中国标准时间)] Executing (default): SELECT `id`, `name`, `email` FROM `Users` AS `Users` WHERE `Users`.`id` = 78;","timestamp":"2017-12-16T13:25:29.405Z"}
{"level":"info","message":"::1 - - [16/Dec/2017:13:25:29 +0000] \"GET /user HTTP/1.1\" 200 78\n","timestamp":"2017-12-16T13:25:29.413Z"}
{"level":"info","message":"[Sat Dec 16 2017 21:25:37 GMT+0800 (中国标准时间)] Executing (default): INSERT INTO `Users` (`id`,`name`,`password`,`email`,`updated_at`,`created_at`) VALUES (NULL,'chris bao','$2a$10$pdHVfmFuroVpoPCPp9q0v.GN3vK.Y988utPT5rjyyiTufTRIxUxFO','chris_bao@aliyun.com','2017-12-16 13:25:37.009 +00:00','2017-12-16 13:25:37.009 +00:00');","timestamp":"2017-12-16T13:25:37.011Z"}
{"level":"info","message":"::1 - - [16/Dec/2017:13:25:37 +0000] \"POST /users HTTP/1.1\" 412 33\n","timestamp":"2017-12-16T13:25:37.013Z"}
{"level":"info","message":"[Sat Dec 16 2017 21:28:07 GMT+0800 (中国标准时间)] Executing (default): INSERT INTO `Users` (`id`,`name`,`password`,`email`,`updated_at`,`created_at`) VALUES (NULL,'chris bao','$2a$10$vBWT.Cu5mftCjXSu1euK/.Q.DzyTlq5u4DJdG9cIeYuvUh1Y0lDhq','chris_bao@aliyun.com','2017-12-16 13:28:07.792 +00:00','2017-12-16 13:28:07.792 +00:00');","timestamp":"2017-12-16T13:28:07.793Z"}
{"level":"info","message":"::1 - - [16/Dec/2017:13:28:07 +0000] \"POST /users HTTP/1.1\" 412 33\n","timestamp":"2017-12-16T13:28:07.797Z"}
{"level":"info","message":"::1 - - [16/Dec/2017:13:29:47 +0000] \"POST /users HTTP/1.1\" 412 142\n","timestamp":"2017-12-16T13:29:47.946Z"}
{"level":"info","message":"::1 - - [16/Dec/2017:13:30:13 +0000] \"POST /users HTTP/1.1\" 412 142\n","timestamp":"2017-12-16T13:30:13.478Z"}
{"level":"info","message":"::1 - - [16/Dec/2017:13:30:32 +0000] \"POST /users HTTP/1.1\" 412 142\n","timestamp":"2017-12-16T13:30:32.924Z"}
{"level":"info","message":"::1 - - [16/Dec/2017:13:30:41 +0000] \"POST /user HTTP/1.1\" 401 -\n","timestamp":"2017-12-16T13:30:41.134Z"}
{"level":"info","message":"::1 - - [16/Dec/2017:13:31:31 +0000] \"POST /users HTTP/1.1\" 412 142\n","timestamp":"2017-12-16T13:31:31.597Z"}
{"level":"info","message":"[Sat Dec 16 2017 21:31:42 GMT+0800 (中国标准时间)] Executing (default): INSERT INTO `Users` (`id`,`name`,`password`,`email`,`updated_at`,`created_at`) VALUES (NULL,'chris bao','$2a$10$HVMHN4xKKxb4bEQoK0k6KeeiSaAGXmgu15liWNP.Md3ttd6Kqmwde','chris_bao@aliyun.com','2017-12-16 13:31:42.755 +00:00','2017-12-16 13:31:42.755 +00:00');","timestamp":"2017-12-16T13:31:42.757Z"}
{"level":"info","message":"::1 - - [16/Dec/2017:13:31:42 +0000] \"POST /users HTTP/1.1\" 412 33\n","timestamp":"2017-12-16T13:31:42.758Z"}
{"level":"info","message":"[Sat Dec 16 2017 21:33:06 GMT+0800 (中国标准时间)] Executing (default): INSERT INTO `Users` (`id`,`name`,`password`,`email`,`updated_at`,`created_at`) VALUES (NULL,'chris bao','$2a$10$1YNZ6zrcaWF.46BmXgRYkuwqzipo0ft7LIYNFQf88VM/vG15xWbBW','chris_bao@aliyun.com','2017-12-16 13:33:06.952 +00:00','2017-12-16 13:33:06.952 +00:00');","timestamp":"2017-12-16T13:33:06.959Z"}
{"level":"info","message":"::1 - - [16/Dec/2017:13:33:06 +0000] \"POST /users HTTP/1.1\" 412 33\n","timestamp":"2017-12-16T13:33:06.974Z"}
{"level":"info","message":"::ffff:127.0.0.1 - - [16/Dec/2017:13:37:37 +0000] \"GET / HTTP/1.1\" 200 29\n","timestamp":"2017-12-16T13:37:37.687Z"}
{"level":"info","message":"::ffff:127.0.0.1 - - [16/Dec/2017:13:37:37 +0000] \"GET /tasks HTTP/1.1\" 200 403\n","timestamp":"2017-12-16T13:37:37.943Z"}
{"level":"info","message":"::ffff:127.0.0.1 - - [16/Dec/2017:13:37:38 +0000] \"POST /tasks HTTP/1.1\" 200 165\n","timestamp":"2017-12-16T13:37:38.169Z"}
{"level":"info","message":"::ffff:127.0.0.1 - - [16/Dec/2017:13:37:38 +0000] \"GET /tasks/1 HTTP/1.1\" 200 166\n","timestamp":"2017-12-16T13:37:38.359Z"}
{"level":"info","message":"::ffff:127.0.0.1 - - [16/Dec/2017:13:37:38 +0000] \"GET /tasks/0 HTTP/1.1\" 404 9\n","timestamp":"2017-12-16T13:37:38.556Z"}
{"level":"info","message":"::ffff:127.0.0.1 - - [16/Dec/2017:13:37:38 +0000] \"PUT /tasks/1 HTTP/1.1\" 204 -\n","timestamp":"2017-12-16T13:37:38.756Z"}
{"level":"info","message":"::ffff:127.0.0.1 - - [16/Dec/2017:13:37:38 +0000] \"DELETE /tasks/1 HTTP/1.1\" 204 -\n","timestamp":"2017-12-16T13:37:38.957Z"}
{"level":"info","message":"::ffff:127.0.0.1 - - [16/Dec/2017:13:37:39 +0000] \"POST /token HTTP/1.1\" 200 112\n","timestamp":"2017-12-16T13:37:39.246Z"}
{"level":"info","message":"::ffff:127.0.0.1 - - [16/Dec/2017:13:37:39 +0000] \"POST /token HTTP/1.1\" 401 12\n","timestamp":"2017-12-16T13:37:39.534Z"}
{"level":"info","message":"::ffff:127.0.0.1 - - [16/Dec/2017:13:37:39 +0000] \"POST /token HTTP/1.1\" 401 12\n","timestamp":"2017-12-16T13:37:39.693Z"}
{"level":"info","message":"::ffff:127.0.0.1 - - [16/Dec/2017:13:37:39 +0000] \"POST /token HTTP/1.1\" 401 12\n","timestamp":"2017-12-16T13:37:39.844Z"}
{"level":"info","message":"::ffff:127.0.0.1 - - [16/Dec/2017:13:37:40 +0000] \"GET /user HTTP/1.1\" 200 66\n","timestamp":"2017-12-16T13:37:40.011Z"}
{"level":"info","message":"::ffff:127.0.0.1 - - [16/Dec/2017:13:37:40 +0000] \"DELETE /user HTTP/1.1\" 204 -\n","timestamp":"2017-12-16T13:37:40.213Z"}
{"level":"info","message":"::ffff:127.0.0.1 - - [16/Dec/2017:13:37:40 +0000] \"POST /users HTTP/1.1\" 200 238\n","timestamp":"2017-12-16T13:37:40.528Z"}
{"level":"info","message":"[Sat Dec 16 2017 21:39:17 GMT+0800 (中国标准时间)] Executing (default): SELECT `id`, `name`, `password`, `email`, `created_at`, `updated_at` FROM `Users` AS `Users` WHERE `Users`.`id` = 78;","timestamp":"2017-12-16T13:39:17.511Z"}
{"level":"info","message":"::1 - - [16/Dec/2017:13:39:17 +0000] \"GET /user HTTP/1.1\" 401 -\n","timestamp":"2017-12-16T13:39:17.522Z"}
{"level":"info","message":"[Sat Dec 16 2017 21:39:23 GMT+0800 (中国标准时间)] Executing (default): SELECT `id`, `name`, `password`, `email`, `created_at`, `updated_at` FROM `Users` AS `Users` WHERE `Users`.`email` = 'chris_bao@aliyun.com' LIMIT 1;","timestamp":"2017-12-16T13:39:23.302Z"}
{"level":"info","message":"::1 - - [16/Dec/2017:13:39:23 +0000] \"POST /token HTTP/1.1\" 401 12\n","timestamp":"2017-12-16T13:39:23.325Z"}
{"level":"info","message":"[Sat Dec 16 2017 21:39:36 GMT+0800 (中国标准时间)] Executing (default): INSERT INTO `Users` (`id`,`name`,`password`,`email`,`updated_at`,`created_at`) VALUES (NULL,'chris bao','$2a$10$4lQgHJOsor1fxIqmqHoVael8UuAB3hzZ7QwjalDhrJ2LuPoa6iO9i','chris_bao@aliyun.com','2017-12-16 13:39:36.126 +00:00','2017-12-16 13:39:36.126 +00:00');","timestamp":"2017-12-16T13:39:36.127Z"}
{"level":"info","message":"::1 - - [16/Dec/2017:13:39:36 +0000] \"POST /users HTTP/1.1\" 200 250\n","timestamp":"2017-12-16T13:39:36.143Z"}
{"level":"info","message":"[Sat Dec 16 2017 21:39:51 GMT+0800 (中国标准时间)] Executing (default): SELECT `id`, `name`, `password`, `email`, `created_at`, `updated_at` FROM `Users` AS `Users` WHERE `Users`.`email` = 'chris_bao@aliyun.com' LIMIT 1;","timestamp":"2017-12-16T13:39:51.685Z"}
{"level":"info","message":"::1 - - [16/Dec/2017:13:39:51 +0000] \"POST /token HTTP/1.1\" 200 112\n","timestamp":"2017-12-16T13:39:51.821Z"}
{"level":"info","message":"[Sat Dec 16 2017 21:40:06 GMT+0800 (中国标准时间)] Executing (default): SELECT `id`, `name`, `password`, `email`, `created_at`, `updated_at` FROM `Users` AS `Users` WHERE `Users`.`id` = 78;","timestamp":"2017-12-16T13:40:06.899Z"}
{"level":"info","message":"::1 - - [16/Dec/2017:13:40:06 +0000] \"GET /user HTTP/1.1\" 401 -\n","timestamp":"2017-12-16T13:40:06.908Z"}
{"level":"info","message":"[Sat Dec 16 2017 21:40:20 GMT+0800 (中国标准时间)] Executing (default): SELECT `id`, `name`, `password`, `email`, `created_at`, `updated_at` FROM `Users` AS `Users` WHERE `Users`.`id` = 78;","timestamp":"2017-12-16T13:40:20.069Z"}
{"level":"info","message":"::1 - - [16/Dec/2017:13:40:20 +0000] \"GET /user HTTP/1.1\" 401 -\n","timestamp":"2017-12-16T13:40:20.078Z"}
{"level":"info","message":"[Sat Dec 16 2017 21:40:42 GMT+0800 (中国标准时间)] Executing (default): SELECT `id`, `name`, `password`, `email`, `created_at`, `updated_at` FROM `Users` AS `Users` WHERE `Users`.`id` = 93;","timestamp":"2017-12-16T13:40:42.510Z"}
{"level":"info","message":"[Sat Dec 16 2017 21:40:42 GMT+0800 (中国标准时间)] Executing (default): SELECT `id`, `name`, `email` FROM `Users` AS `Users` WHERE `Users`.`id` = 93;","timestamp":"2017-12-16T13:40:42.521Z"}
{"level":"info","message":"::1 - - [16/Dec/2017:13:40:42 +0000] \"GET /user HTTP/1.1\" 200 78\n","timestamp":"2017-12-16T13:40:42.531Z"}
